\BOOKMARK [0][-]{chapter.1}{\376\377\0001\000\040\000T\000e\000m\000p\000l\000a\000t\000e\000-\000S\000p\000a\000c\000e\000X}{}% 1
\BOOKMARK [0][-]{chapter.2}{\376\377\0002\000\040\000H\000i\000e\000r\000a\000r\000c\000h\000i\000c\000a\000l\000\040\000I\000n\000d\000e\000x}{}% 2
\BOOKMARK [1][-]{section.2.1}{\376\377\0002\000.\0001\000\040\000C\000l\000a\000s\000s\000\040\000H\000i\000e\000r\000a\000r\000c\000h\000y}{chapter.2}% 3
\BOOKMARK [0][-]{chapter.3}{\376\377\0003\000\040\000C\000l\000a\000s\000s\000\040\000I\000n\000d\000e\000x}{}% 4
\BOOKMARK [1][-]{section.3.1}{\376\377\0003\000.\0001\000\040\000C\000l\000a\000s\000s\000\040\000L\000i\000s\000t}{chapter.3}% 5
\BOOKMARK [0][-]{chapter.4}{\376\377\0004\000\040\000C\000l\000a\000s\000s\000\040\000D\000o\000c\000u\000m\000e\000n\000t\000a\000t\000i\000o\000n}{}% 6
\BOOKMARK [1][-]{section.4.1}{\376\377\0004\000.\0001\000\040\000A\000R\000c\000h\000a\000i\000n\000<\000\040\000I\000n\000t\000e\000r\000a\000c\000t\000i\000o\000n\000,\000\040\000E\000v\000o\000l\000v\000e\000d\000D\000a\000t\000a\000,\000\040\000R\000e\000g\000u\000l\000a\000r\000i\000t\000o\000r\000\040\000>\000\040\000C\000l\000a\000s\000s\000\040\000T\000e\000m\000p\000l\000a\000t\000e\000\040\000R\000e\000f\000e\000r\000e\000n\000c\000e}{chapter.4}% 7
\BOOKMARK [1][-]{section.4.2}{\376\377\0004\000.\0002\000\040\000A\000R\000c\000h\000a\000i\000n\000<\000\040\000N\000e\000w\000t\000o\000n\000i\000a\000n\000<\000\040\000t\000y\000p\000e\000n\000a\000m\000e\000\040\000E\000v\000o\000l\000v\000e\000d\000D\000a\000t\000a\000:\000:\000S\000c\000a\000l\000a\000r\000\040\000>\000,\000\040\000E\000v\000o\000l\000v\000e\000d\000D\000a\000t\000a\000,\000\040\000R\000e\000g\000u\000l\000a\000r\000i\000t\000o\000r\000\040\000>\000\040\000C\000l\000a\000s\000s\000\040\000T\000e\000m\000p\000l\000a\000t\000e\000\040\000R\000e\000f\000e\000r\000e\000n\000c\000e}{chapter.4}% 8
\BOOKMARK [1][-]{section.4.3}{\376\377\0004\000.\0003\000\040\000B\000S\000I\000t\000e\000r\000a\000t\000o\000r\000<\000\040\000P\000a\000r\000t\000i\000c\000S\000y\000s\000,\000\040\000I\000n\000t\000e\000g\000r\000a\000t\000o\000r\000\040\000>\000\040\000C\000l\000a\000s\000s\000\040\000T\000e\000m\000p\000l\000a\000t\000e\000\040\000R\000e\000f\000e\000r\000e\000n\000c\000e}{chapter.4}% 9
\BOOKMARK [1][-]{section.4.4}{\376\377\0004\000.\0004\000\040\000c\000o\000n\000s\000t\000I\000t\000e\000r\000a\000t\000o\000r\000<\000\040\000P\000a\000r\000t\000i\000c\000S\000y\000s\000,\000\040\000I\000n\000t\000e\000g\000r\000a\000t\000o\000r\000\040\000>\000\040\000C\000l\000a\000s\000s\000\040\000T\000e\000m\000p\000l\000a\000t\000e\000\040\000R\000e\000f\000e\000r\000e\000n\000c\000e}{chapter.4}% 10
\BOOKMARK [2][-]{subsection.4.4.1}{\376\377\0004\000.\0004\000.\0001\000\040\000D\000e\000t\000a\000i\000l\000e\000d\000\040\000D\000e\000s\000c\000r\000i\000p\000t\000i\000o\000n}{section.4.4}% 11
\BOOKMARK [2][-]{subsection.4.4.2}{\376\377\0004\000.\0004\000.\0002\000\040\000M\000e\000m\000b\000e\000r\000\040\000T\000y\000p\000e\000d\000e\000f\000\040\000D\000o\000c\000u\000m\000e\000n\000t\000a\000t\000i\000o\000n}{section.4.4}% 12
\BOOKMARK [3][-]{subsubsection.4.4.2.1}{\376\377\0004\000.\0004\000.\0002\000.\0001\000\040\000S\000c\000a\000l\000a\000r}{subsection.4.4.2}% 13
\BOOKMARK [1][-]{section.4.5}{\376\377\0004\000.\0005\000\040\000d\000y\000n\000a\000m\000i\000c\000s\000<\000\040\000D\000a\000t\000a\000T\000y\000p\000e\000,\000\040\000N\000\040\000>\000\040\000C\000l\000a\000s\000s\000\040\000T\000e\000m\000p\000l\000a\000t\000e\000\040\000R\000e\000f\000e\000r\000e\000n\000c\000e}{chapter.4}% 14
\BOOKMARK [2][-]{subsection.4.5.1}{\376\377\0004\000.\0005\000.\0001\000\040\000D\000e\000t\000a\000i\000l\000e\000d\000\040\000D\000e\000s\000c\000r\000i\000p\000t\000i\000o\000n}{section.4.5}% 15
\BOOKMARK [2][-]{subsection.4.5.2}{\376\377\0004\000.\0005\000.\0002\000\040\000M\000e\000m\000b\000e\000r\000\040\000F\000u\000n\000c\000t\000i\000o\000n\000\040\000D\000o\000c\000u\000m\000e\000n\000t\000a\000t\000i\000o\000n}{section.4.5}% 16
\BOOKMARK [3][-]{subsubsection.4.5.2.1}{\376\377\0004\000.\0005\000.\0002\000.\0001\000\040\000a\000r\000r\000a\000y\000\050\000\051}{subsection.4.5.2}% 17
\BOOKMARK [3][-]{subsubsection.4.5.2.2}{\376\377\0004\000.\0005\000.\0002\000.\0002\000\040\000i\000n\000i\000t\000A\000d\000d\000i\000V\000a\000r\000i\000a\000b\000l\000e\000\050\000\051}{subsection.4.5.2}% 18
\BOOKMARK [3][-]{subsubsection.4.5.2.3}{\376\377\0004\000.\0005\000.\0002\000.\0003\000\040\000s\000i\000z\000e\000\050\000\051}{subsection.4.5.2}% 19
\BOOKMARK [3][-]{subsubsection.4.5.2.4}{\376\377\0004\000.\0005\000.\0002\000.\0004\000\040\000v\000o\000l\000u\000m\000e\000\050\000\051}{subsection.4.5.2}% 20
\BOOKMARK [1][-]{section.4.6}{\376\377\0004\000.\0006\000\040\000d\000y\000n\000a\000m\000i\000c\000S\000y\000s\000t\000e\000m\000<\000\040\000P\000a\000r\000t\000i\000c\000S\000y\000s\000,\000\040\000I\000n\000t\000e\000g\000r\000a\000t\000o\000r\000,\000\040\000O\000D\000E\000i\000t\000e\000r\000a\000t\000o\000r\000\040\000>\000\040\000C\000l\000a\000s\000s\000\040\000T\000e\000m\000p\000l\000a\000t\000e\000\040\000R\000e\000f\000e\000r\000e\000n\000c\000e}{chapter.4}% 21
\BOOKMARK [2][-]{subsection.4.6.1}{\376\377\0004\000.\0006\000.\0001\000\040\000D\000e\000t\000a\000i\000l\000e\000d\000\040\000D\000e\000s\000c\000r\000i\000p\000t\000i\000o\000n}{section.4.6}% 22
\BOOKMARK [2][-]{subsection.4.6.2}{\376\377\0004\000.\0006\000.\0002\000\040\000M\000e\000m\000b\000e\000r\000\040\000F\000u\000n\000c\000t\000i\000o\000n\000\040\000D\000o\000c\000u\000m\000e\000n\000t\000a\000t\000i\000o\000n}{section.4.6}% 23
\BOOKMARK [3][-]{subsubsection.4.6.2.1}{\376\377\0004\000.\0006\000.\0002\000.\0001\000\040\000a\000d\000v\000a\000n\000c\000e\000O\000n\000e\000S\000t\000e\000p\000\050\000\051}{subsection.4.6.2}% 24
\BOOKMARK [3][-]{subsubsection.4.6.2.2}{\376\377\0004\000.\0006\000.\0002\000.\0002\000\040\000l\000o\000a\000d\000T\000e\000x\000t\000\050\000\051}{subsection.4.6.2}% 25
\BOOKMARK [1][-]{section.4.7}{\376\377\0004\000.\0007\000\040\000e\000r\000r\000h\000a\000n\000d\000\040\000C\000l\000a\000s\000s\000\040\000R\000e\000f\000e\000r\000e\000n\000c\000e}{chapter.4}% 26
\BOOKMARK [1][-]{section.4.8}{\376\377\0004\000.\0008\000\040\000G\000A\000R\000<\000\040\000D\000a\000t\000a\000T\000y\000p\000e\000,\000\040\000N\000\040\000>\000\040\000C\000l\000a\000s\000s\000\040\000T\000e\000m\000p\000l\000a\000t\000e\000\040\000R\000e\000f\000e\000r\000e\000n\000c\000e}{chapter.4}% 27
\BOOKMARK [2][-]{subsection.4.8.1}{\376\377\0004\000.\0008\000.\0001\000\040\000D\000e\000t\000a\000i\000l\000e\000d\000\040\000D\000e\000s\000c\000r\000i\000p\000t\000i\000o\000n}{section.4.8}% 28
\BOOKMARK [2][-]{subsection.4.8.2}{\376\377\0004\000.\0008\000.\0002\000\040\000M\000e\000m\000b\000e\000r\000\040\000F\000u\000n\000c\000t\000i\000o\000n\000\040\000D\000o\000c\000u\000m\000e\000n\000t\000a\000t\000i\000o\000n}{section.4.8}% 29
\BOOKMARK [3][-]{subsubsection.4.8.2.1}{\376\377\0004\000.\0008\000.\0002\000.\0001\000\040\000a\000r\000r\000a\000y\000\050\000\051}{subsection.4.8.2}% 30
\BOOKMARK [3][-]{subsubsection.4.8.2.2}{\376\377\0004\000.\0008\000.\0002\000.\0002\000\040\000g\000e\000t\000O\000m\000e\000g\000a\000\050\000\051}{subsection.4.8.2}% 31
\BOOKMARK [3][-]{subsubsection.4.8.2.3}{\376\377\0004\000.\0008\000.\0002\000.\0003\000\040\000i\000n\000i\000t\000A\000d\000d\000i\000V\000a\000r\000i\000a\000b\000l\000e\000\050\000\051}{subsection.4.8.2}% 32
\BOOKMARK [3][-]{subsubsection.4.8.2.4}{\376\377\0004\000.\0008\000.\0002\000.\0004\000\040\000m\000o\000v\000e\000T\000o\000C\000e\000n\000t\000r\000a\000l\000M\000a\000s\000s\000C\000o\000o\000r\000d\000s\000\050\000\051}{subsection.4.8.2}% 33
\BOOKMARK [3][-]{subsubsection.4.8.2.5}{\376\377\0004\000.\0008\000.\0002\000.\0005\000\040\000s\000i\000z\000e\000\050\000\051}{subsection.4.8.2}% 34
\BOOKMARK [3][-]{subsubsection.4.8.2.6}{\376\377\0004\000.\0008\000.\0002\000.\0006\000\040\000t\000o\000C\000a\000r\000t\000e\000s\000i\000a\000n\000\050\000\051}{subsection.4.8.2}% 35
\BOOKMARK [3][-]{subsubsection.4.8.2.7}{\376\377\0004\000.\0008\000.\0002\000.\0007\000\040\000t\000o\000C\000h\000a\000i\000n\000\050\000\051}{subsection.4.8.2}% 36
\BOOKMARK [3][-]{subsubsection.4.8.2.8}{\376\377\0004\000.\0008\000.\0002\000.\0008\000\040\000v\000o\000l\000u\000m\000e\000\050\000\051}{subsection.4.8.2}% 37
\BOOKMARK [1][-]{section.4.9}{\376\377\0004\000.\0009\000\040\000l\000o\000g\000H\000<\000\040\000D\000y\000n\000a\000m\000i\000c\000S\000t\000a\000t\000e\000\040\000>\000\040\000C\000l\000a\000s\000s\000\040\000T\000e\000m\000p\000l\000a\000t\000e\000\040\000R\000e\000f\000e\000r\000e\000n\000c\000e}{chapter.4}% 38
\BOOKMARK [2][-]{subsection.4.9.1}{\376\377\0004\000.\0009\000.\0001\000\040\000D\000e\000t\000a\000i\000l\000e\000d\000\040\000D\000e\000s\000c\000r\000i\000p\000t\000i\000o\000n}{section.4.9}% 39
\BOOKMARK [2][-]{subsection.4.9.2}{\376\377\0004\000.\0009\000.\0002\000\040\000M\000e\000m\000b\000e\000r\000\040\000F\000u\000n\000c\000t\000i\000o\000n\000\040\000D\000o\000c\000u\000m\000e\000n\000t\000a\000t\000i\000o\000n}{section.4.9}% 40
\BOOKMARK [3][-]{subsubsection.4.9.2.1}{\376\377\0004\000.\0009\000.\0002\000.\0001\000\040\000g\000e\000t\000P\000h\000y\000s\000i\000c\000a\000l\000P\000o\000s\000T\000i\000m\000e\000\050\000\051}{subsection.4.9.2}% 41
\BOOKMARK [3][-]{subsubsection.4.9.2.2}{\376\377\0004\000.\0009\000.\0002\000.\0002\000\040\000g\000e\000t\000P\000h\000y\000s\000i\000c\000a\000l\000V\000e\000l\000T\000i\000m\000e\000\050\000\051}{subsection.4.9.2}% 42
\BOOKMARK [1][-]{section.4.10}{\376\377\0004\000.\0001\0000\000\040\000N\000e\000w\000t\000o\000n\000i\000a\000n\000<\000\040\000S\000c\000a\000l\000a\000r\000\040\000>\000\040\000C\000l\000a\000s\000s\000\040\000T\000e\000m\000p\000l\000a\000t\000e\000\040\000R\000e\000f\000e\000r\000e\000n\000c\000e}{chapter.4}% 43
\BOOKMARK [2][-]{subsection.4.10.1}{\376\377\0004\000.\0001\0000\000.\0001\000\040\000D\000e\000t\000a\000i\000l\000e\000d\000\040\000D\000e\000s\000c\000r\000i\000p\000t\000i\000o\000n}{section.4.10}% 44
\BOOKMARK [1][-]{section.4.11}{\376\377\0004\000.\0001\0001\000\040\000c\000h\000a\000i\000n\000:\000:\000N\000o\000d\000e\000<\000\040\000S\000c\000a\000l\000a\000r\000\040\000>\000\040\000S\000t\000r\000u\000c\000t\000\040\000T\000e\000m\000p\000l\000a\000t\000e\000\040\000R\000e\000f\000e\000r\000e\000n\000c\000e}{chapter.4}% 45
\BOOKMARK [2][-]{subsection.4.11.1}{\376\377\0004\000.\0001\0001\000.\0001\000\040\000D\000e\000t\000a\000i\000l\000e\000d\000\040\000D\000e\000s\000c\000r\000i\000p\000t\000i\000o\000n}{section.4.11}% 46
\BOOKMARK [2][-]{subsection.4.11.2}{\376\377\0004\000.\0001\0001\000.\0002\000\040\000M\000e\000m\000b\000e\000r\000\040\000D\000a\000t\000a\000\040\000D\000o\000c\000u\000m\000e\000n\000t\000a\000t\000i\000o\000n}{section.4.11}% 47
\BOOKMARK [3][-]{subsubsection.4.11.2.1}{\376\377\0004\000.\0001\0001\000.\0002\000.\0001\000\040\000a\000v\000a\000i\000l\000a\000b\000l\000e}{subsection.4.11.2}% 48
\BOOKMARK [3][-]{subsubsection.4.11.2.2}{\376\377\0004\000.\0001\0001\000.\0002\000.\0002\000\040\000i}{subsection.4.11.2}% 49
\BOOKMARK [3][-]{subsubsection.4.11.2.3}{\376\377\0004\000.\0001\0001\000.\0002\000.\0003\000\040\000j}{subsection.4.11.2}% 50
\BOOKMARK [3][-]{subsubsection.4.11.2.4}{\376\377\0004\000.\0001\0001\000.\0002\000.\0004\000\040\000R\000i\000j}{subsection.4.11.2}% 51
\BOOKMARK [1][-]{section.4.12}{\376\377\0004\000.\0001\0002\000\040\000N\000o\000R\000e\000g\000u\000<\000\040\000D\000y\000n\000a\000m\000i\000c\000S\000t\000a\000t\000e\000\040\000>\000\040\000C\000l\000a\000s\000s\000\040\000T\000e\000m\000p\000l\000a\000t\000e\000\040\000R\000e\000f\000e\000r\000e\000n\000c\000e}{chapter.4}% 52
\BOOKMARK [2][-]{subsection.4.12.1}{\376\377\0004\000.\0001\0002\000.\0001\000\040\000D\000e\000t\000a\000i\000l\000e\000d\000\040\000D\000e\000s\000c\000r\000i\000p\000t\000i\000o\000n}{section.4.12}% 53
\BOOKMARK [2][-]{subsection.4.12.2}{\376\377\0004\000.\0001\0002\000.\0002\000\040\000M\000e\000m\000b\000e\000r\000\040\000F\000u\000n\000c\000t\000i\000o\000n\000\040\000D\000o\000c\000u\000m\000e\000n\000t\000a\000t\000i\000o\000n}{section.4.12}% 54
\BOOKMARK [3][-]{subsubsection.4.12.2.1}{\376\377\0004\000.\0001\0002\000.\0002\000.\0001\000\040\000g\000e\000t\000P\000h\000y\000s\000i\000c\000a\000l\000P\000o\000s\000T\000i\000m\000e\000\050\000\051}{subsection.4.12.2}% 55
\BOOKMARK [3][-]{subsubsection.4.12.2.2}{\376\377\0004\000.\0001\0002\000.\0002\000.\0002\000\040\000g\000e\000t\000P\000h\000y\000s\000i\000c\000a\000l\000V\000e\000l\000T\000i\000m\000e\000\050\000\051}{subsection.4.12.2}% 56
\BOOKMARK [1][-]{section.4.13}{\376\377\0004\000.\0001\0003\000\040\000p\000a\000r\000t\000i\000c\000l\000e\000S\000y\000s\000t\000e\000m\000<\000\040\000D\000e\000r\000i\000v\000e\000d\000,\000\040\000E\000v\000o\000l\000v\000e\000d\000D\000a\000t\000a\000\040\000>\000\040\000C\000l\000a\000s\000s\000\040\000T\000e\000m\000p\000l\000a\000t\000e\000\040\000R\000e\000f\000e\000r\000e\000n\000c\000e}{chapter.4}% 57
\BOOKMARK [1][-]{section.4.14}{\376\377\0004\000.\0001\0004\000\040\000P\000N\0001\000t\000h\000<\000\040\000S\000c\000a\000l\000a\000r\000\040\000>\000\040\000C\000l\000a\000s\000s\000\040\000T\000e\000m\000p\000l\000a\000t\000e\000\040\000R\000e\000f\000e\000r\000e\000n\000c\000e}{chapter.4}% 58
\BOOKMARK [2][-]{subsection.4.14.1}{\376\377\0004\000.\0001\0004\000.\0001\000\040\000D\000e\000t\000a\000i\000l\000e\000d\000\040\000D\000e\000s\000c\000r\000i\000p\000t\000i\000o\000n}{section.4.14}% 59
\BOOKMARK [2][-]{subsection.4.14.2}{\376\377\0004\000.\0001\0004\000.\0002\000\040\000M\000e\000m\000b\000e\000r\000\040\000F\000u\000n\000c\000t\000i\000o\000n\000\040\000D\000o\000c\000u\000m\000e\000n\000t\000a\000t\000i\000o\000n}{section.4.14}% 60
\BOOKMARK [3][-]{subsubsection.4.14.2.1}{\376\377\0004\000.\0001\0004\000.\0002\000.\0001\000\040\000o\000p\000e\000r\000a\000t\000o\000r\000\050\000\051\000\050\000\051}{subsection.4.14.2}% 61
\BOOKMARK [1][-]{section.4.15}{\376\377\0004\000.\0001\0005\000\040\000r\000e\000g\000u\000D\000y\000n\000a\000m\000i\000c\000s\000<\000\040\000D\000a\000t\000a\000T\000y\000p\000e\000,\000\040\000N\000\040\000>\000\040\000C\000l\000a\000s\000s\000\040\000T\000e\000m\000p\000l\000a\000t\000e\000\040\000R\000e\000f\000e\000r\000e\000n\000c\000e}{chapter.4}% 62
\BOOKMARK [2][-]{subsection.4.15.1}{\376\377\0004\000.\0001\0005\000.\0001\000\040\000D\000e\000t\000a\000i\000l\000e\000d\000\040\000D\000e\000s\000c\000r\000i\000p\000t\000i\000o\000n}{section.4.15}% 63
\BOOKMARK [2][-]{subsection.4.15.2}{\376\377\0004\000.\0001\0005\000.\0002\000\040\000M\000e\000m\000b\000e\000r\000\040\000F\000u\000n\000c\000t\000i\000o\000n\000\040\000D\000o\000c\000u\000m\000e\000n\000t\000a\000t\000i\000o\000n}{section.4.15}% 64
\BOOKMARK [3][-]{subsubsection.4.15.2.1}{\376\377\0004\000.\0001\0005\000.\0002\000.\0001\000\040\000a\000r\000r\000a\000y\000\050\000\051}{subsection.4.15.2}% 65
\BOOKMARK [3][-]{subsubsection.4.15.2.2}{\376\377\0004\000.\0001\0005\000.\0002\000.\0002\000\040\000g\000e\000t\000O\000m\000e\000g\000a\000\050\000\051}{subsection.4.15.2}% 66
\BOOKMARK [3][-]{subsubsection.4.15.2.3}{\376\377\0004\000.\0001\0005\000.\0002\000.\0003\000\040\000i\000n\000i\000t\000A\000d\000d\000i\000V\000a\000r\000i\000a\000b\000l\000e\000\050\000\051}{subsection.4.15.2}% 67
\BOOKMARK [3][-]{subsubsection.4.15.2.4}{\376\377\0004\000.\0001\0005\000.\0002\000.\0004\000\040\000m\000o\000v\000e\000T\000o\000C\000e\000n\000t\000r\000a\000l\000M\000a\000s\000s\000C\000o\000o\000r\000d\000s\000\050\000\051}{subsection.4.15.2}% 68
\BOOKMARK [3][-]{subsubsection.4.15.2.5}{\376\377\0004\000.\0001\0005\000.\0002\000.\0005\000\040\000s\000i\000z\000e\000\050\000\051}{subsection.4.15.2}% 69
\BOOKMARK [3][-]{subsubsection.4.15.2.6}{\376\377\0004\000.\0001\0005\000.\0002\000.\0006\000\040\000t\000o\000C\000a\000r\000t\000e\000s\000i\000a\000n\000\050\000\051}{subsection.4.15.2}% 70
\BOOKMARK [3][-]{subsubsection.4.15.2.7}{\376\377\0004\000.\0001\0005\000.\0002\000.\0007\000\040\000t\000o\000C\000h\000a\000i\000n\000\050\000\051}{subsection.4.15.2}% 71
\BOOKMARK [3][-]{subsubsection.4.15.2.8}{\376\377\0004\000.\0001\0005\000.\0002\000.\0008\000\040\000v\000o\000l\000u\000m\000e\000\050\000\051}{subsection.4.15.2}% 72
\BOOKMARK [1][-]{section.4.16}{\376\377\0004\000.\0001\0006\000\040\000r\000e\000g\000u\000S\000y\000s\000t\000e\000m\000<\000\040\000I\000n\000t\000e\000r\000a\000c\000t\000i\000o\000n\000,\000\040\000E\000v\000o\000l\000v\000e\000d\000D\000a\000t\000a\000,\000\040\000R\000e\000g\000u\000l\000a\000r\000i\000t\000o\000r\000\040\000>\000\040\000C\000l\000a\000s\000s\000\040\000T\000e\000m\000p\000l\000a\000t\000e\000\040\000R\000e\000f\000e\000r\000e\000n\000c\000e}{chapter.4}% 73
\BOOKMARK [1][-]{section.4.17}{\376\377\0004\000.\0001\0007\000\040\000r\000e\000g\000u\000S\000y\000s\000t\000e\000m\000<\000\040\000N\000e\000w\000t\000o\000n\000i\000a\000n\000<\000\040\000t\000y\000p\000e\000n\000a\000m\000e\000\040\000E\000v\000o\000l\000v\000e\000d\000D\000a\000t\000a\000:\000:\000S\000c\000a\000l\000a\000r\000\040\000>\000,\000\040\000E\000v\000o\000l\000v\000e\000d\000D\000a\000t\000a\000,\000\040\000R\000e\000g\000u\000l\000a\000r\000i\000t\000o\000r\000\040\000>\000\040\000C\000l\000a\000s\000s\000\040\000T\000e\000m\000p\000l\000a\000t\000e\000\040\000R\000e\000f\000e\000r\000e\000n\000c\000e}{chapter.4}% 74
\BOOKMARK [1][-]{section.4.18}{\376\377\0004\000.\0001\0008\000\040\000s\000y\000m\000p\000l\000e\000c\000t\000i\000c\0001\0000\000t\000h\000<\000\040\000P\000a\000r\000t\000i\000c\000S\000y\000s\000\040\000>\000\040\000C\000l\000a\000s\000s\000\040\000T\000e\000m\000p\000l\000a\000t\000e\000\040\000R\000e\000f\000e\000r\000e\000n\000c\000e}{chapter.4}% 75
\BOOKMARK [2][-]{subsection.4.18.1}{\376\377\0004\000.\0001\0008\000.\0001\000\040\000D\000e\000t\000a\000i\000l\000e\000d\000\040\000D\000e\000s\000c\000r\000i\000p\000t\000i\000o\000n}{section.4.18}% 76
\BOOKMARK [2][-]{subsection.4.18.2}{\376\377\0004\000.\0001\0008\000.\0002\000\040\000M\000e\000m\000b\000e\000r\000\040\000F\000u\000n\000c\000t\000i\000o\000n\000\040\000D\000o\000c\000u\000m\000e\000n\000t\000a\000t\000i\000o\000n}{section.4.18}% 77
\BOOKMARK [3][-]{subsubsection.4.18.2.1}{\376\377\0004\000.\0001\0008\000.\0002\000.\0001\000\040\000i\000n\000t\000e\000g\000r\000a\000t\000e\000\050\000\051}{subsection.4.18.2}% 78
\BOOKMARK [1][-]{section.4.19}{\376\377\0004\000.\0001\0009\000\040\000s\000y\000m\000p\000l\000e\000c\000t\000i\000c\0002\000t\000h\000<\000\040\000P\000a\000r\000t\000i\000c\000S\000y\000s\000\040\000>\000\040\000C\000l\000a\000s\000s\000\040\000T\000e\000m\000p\000l\000a\000t\000e\000\040\000R\000e\000f\000e\000r\000e\000n\000c\000e}{chapter.4}% 79
\BOOKMARK [2][-]{subsection.4.19.1}{\376\377\0004\000.\0001\0009\000.\0001\000\040\000D\000e\000t\000a\000i\000l\000e\000d\000\040\000D\000e\000s\000c\000r\000i\000p\000t\000i\000o\000n}{section.4.19}% 80
\BOOKMARK [2][-]{subsection.4.19.2}{\376\377\0004\000.\0001\0009\000.\0002\000\040\000M\000e\000m\000b\000e\000r\000\040\000F\000u\000n\000c\000t\000i\000o\000n\000\040\000D\000o\000c\000u\000m\000e\000n\000t\000a\000t\000i\000o\000n}{section.4.19}% 81
\BOOKMARK [3][-]{subsubsection.4.19.2.1}{\376\377\0004\000.\0001\0009\000.\0002\000.\0001\000\040\000i\000n\000t\000e\000g\000r\000a\000t\000e\000\050\000\051}{subsection.4.19.2}% 82
\BOOKMARK [1][-]{section.4.20}{\376\377\0004\000.\0002\0000\000\040\000s\000y\000m\000p\000l\000e\000c\000t\000i\000c\0004\000t\000h\000<\000\040\000P\000a\000r\000t\000i\000c\000S\000y\000s\000\040\000>\000\040\000C\000l\000a\000s\000s\000\040\000T\000e\000m\000p\000l\000a\000t\000e\000\040\000R\000e\000f\000e\000r\000e\000n\000c\000e}{chapter.4}% 83
\BOOKMARK [2][-]{subsection.4.20.1}{\376\377\0004\000.\0002\0000\000.\0001\000\040\000D\000e\000t\000a\000i\000l\000e\000d\000\040\000D\000e\000s\000c\000r\000i\000p\000t\000i\000o\000n}{section.4.20}% 84
\BOOKMARK [2][-]{subsection.4.20.2}{\376\377\0004\000.\0002\0000\000.\0002\000\040\000M\000e\000m\000b\000e\000r\000\040\000F\000u\000n\000c\000t\000i\000o\000n\000\040\000D\000o\000c\000u\000m\000e\000n\000t\000a\000t\000i\000o\000n}{section.4.20}% 85
\BOOKMARK [3][-]{subsubsection.4.20.2.1}{\376\377\0004\000.\0002\0000\000.\0002\000.\0001\000\040\000i\000n\000t\000e\000g\000r\000a\000t\000e\000\050\000\051}{subsection.4.20.2}% 86
\BOOKMARK [1][-]{section.4.21}{\376\377\0004\000.\0002\0001\000\040\000s\000y\000m\000p\000l\000e\000c\000t\000i\000c\0006\000t\000h\000<\000\040\000P\000a\000r\000t\000i\000c\000S\000y\000s\000\040\000>\000\040\000C\000l\000a\000s\000s\000\040\000T\000e\000m\000p\000l\000a\000t\000e\000\040\000R\000e\000f\000e\000r\000e\000n\000c\000e}{chapter.4}% 87
\BOOKMARK [2][-]{subsection.4.21.1}{\376\377\0004\000.\0002\0001\000.\0001\000\040\000D\000e\000t\000a\000i\000l\000e\000d\000\040\000D\000e\000s\000c\000r\000i\000p\000t\000i\000o\000n}{section.4.21}% 88
\BOOKMARK [1][-]{section.4.22}{\376\377\0004\000.\0002\0002\000\040\000s\000y\000m\000p\000l\000e\000c\000t\000i\000c\0008\000t\000h\000<\000\040\000P\000a\000r\000t\000i\000c\000S\000y\000s\000\040\000>\000\040\000C\000l\000a\000s\000s\000\040\000T\000e\000m\000p\000l\000a\000t\000e\000\040\000R\000e\000f\000e\000r\000e\000n\000c\000e}{chapter.4}% 89
\BOOKMARK [2][-]{subsection.4.22.1}{\376\377\0004\000.\0002\0002\000.\0001\000\040\000D\000e\000t\000a\000i\000l\000e\000d\000\040\000D\000e\000s\000c\000r\000i\000p\000t\000i\000o\000n}{section.4.22}% 90
\BOOKMARK [2][-]{subsection.4.22.2}{\376\377\0004\000.\0002\0002\000.\0002\000\040\000M\000e\000m\000b\000e\000r\000\040\000F\000u\000n\000c\000t\000i\000o\000n\000\040\000D\000o\000c\000u\000m\000e\000n\000t\000a\000t\000i\000o\000n}{section.4.22}% 91
\BOOKMARK [3][-]{subsubsection.4.22.2.1}{\376\377\0004\000.\0002\0002\000.\0002\000.\0001\000\040\000i\000n\000t\000e\000g\000r\000a\000t\000e\000\050\000\051}{subsection.4.22.2}% 92
\BOOKMARK [1][-]{section.4.23}{\376\377\0004\000.\0002\0003\000\040\000T\000T\000L\000<\000\040\000D\000y\000n\000a\000m\000i\000c\000S\000t\000a\000t\000e\000\040\000>\000\040\000C\000l\000a\000s\000s\000\040\000T\000e\000m\000p\000l\000a\000t\000e\000\040\000R\000e\000f\000e\000r\000e\000n\000c\000e}{chapter.4}% 93
\BOOKMARK [2][-]{subsection.4.23.1}{\376\377\0004\000.\0002\0003\000.\0001\000\040\000D\000e\000t\000a\000i\000l\000e\000d\000\040\000D\000e\000s\000c\000r\000i\000p\000t\000i\000o\000n}{section.4.23}% 94
\BOOKMARK [2][-]{subsection.4.23.2}{\376\377\0004\000.\0002\0003\000.\0002\000\040\000M\000e\000m\000b\000e\000r\000\040\000F\000u\000n\000c\000t\000i\000o\000n\000\040\000D\000o\000c\000u\000m\000e\000n\000t\000a\000t\000i\000o\000n}{section.4.23}% 95
\BOOKMARK [3][-]{subsubsection.4.23.2.1}{\376\377\0004\000.\0002\0003\000.\0002\000.\0001\000\040\000g\000e\000t\000P\000h\000y\000s\000i\000c\000a\000l\000P\000o\000s\000T\000i\000m\000e\000\050\000\051}{subsection.4.23.2}% 96
\BOOKMARK [3][-]{subsubsection.4.23.2.2}{\376\377\0004\000.\0002\0003\000.\0002\000.\0002\000\040\000g\000e\000t\000P\000h\000y\000s\000i\000c\000a\000l\000V\000e\000l\000T\000i\000m\000e\000\050\000\051}{subsection.4.23.2}% 97
\BOOKMARK [1][-]{section.4.24}{\376\377\0004\000.\0002\0004\000\040\000v\000e\000c\0003\000<\000\040\000T\000\040\000>\000\040\000S\000t\000r\000u\000c\000t\000\040\000T\000e\000m\000p\000l\000a\000t\000e\000\040\000R\000e\000f\000e\000r\000e\000n\000c\000e}{chapter.4}% 98
\BOOKMARK [2][-]{subsection.4.24.1}{\376\377\0004\000.\0002\0004\000.\0001\000\040\000D\000e\000t\000a\000i\000l\000e\000d\000\040\000D\000e\000s\000c\000r\000i\000p\000t\000i\000o\000n}{section.4.24}% 99
